<?xml version="1.0" encoding="UTF-8"?>
<!-- Generated by org.testng.reporters.JUnitReportReporter -->
<testsuite skipped="0" hostname="Bala-Pavan" name="main_running_script_streams_ucc.StreamsUCC_Main_Script" tests="5" failures="0" timestamp="31 Dec 2019 12:20:54 GMT" time="275.205" errors="0">
  <testcase name="ULmLogin" time="48.011" classname="main_running_script_streams_ucc.StreamsUCC_Main_Script"/>
  <testcase name="ULM_Queues" time="56.179" classname="main_running_script_streams_ucc.StreamsUCC_Main_Script"/>
  <testcase name="ULM_Hide_Filters" time="55.573" classname="main_running_script_streams_ucc.StreamsUCC_Main_Script"/>
  <testcase name="ULM_Show_Filters" time="57.482" classname="main_running_script_streams_ucc.StreamsUCC_Main_Script"/>
  <testcase name="CallmonitoringForm" time="57.960" classname="main_running_script_streams_ucc.StreamsUCC_Main_Script"/>
</testsuite> <!-- main_running_script_streams_ucc.StreamsUCC_Main_Script -->
